[0506/090649.712:ERROR:process_reader_win.cc(142)] SuspendThread: ¾Ü¾ø·ÃÎÊ¡£ (0x5)
[0506/090649.718:ERROR:process_reader_win.cc(142)] SuspendThread: ¾Ü¾ø·ÃÎÊ¡£ (0x5)
[0506/090649.718:ERROR:process_reader_win.cc(142)] SuspendThread: ¾Ü¾ø·ÃÎÊ¡£ (0x5)
[0506/090649.718:ERROR:process_reader_win.cc(142)] SuspendThread: ¾Ü¾ø·ÃÎÊ¡£ (0x5)
[0506/090649.718:ERROR:process_reader_win.cc(142)] SuspendThread: ¾Ü¾ø·ÃÎÊ¡£ (0x5)
[0506/090649.718:ERROR:process_reader_win.cc(142)] SuspendThread: ¾Ü¾ø·ÃÎÊ¡£ (0x5)
[0506/090649.718:ERROR:process_reader_win.cc(142)] SuspendThread: ¾Ü¾ø·ÃÎÊ¡£ (0x5)
[0506/090649.718:ERROR:process_reader_win.cc(142)] SuspendThread: ¾Ü¾ø·ÃÎÊ¡£ (0x5)
[0506/090649.718:ERROR:process_reader_win.cc(142)] SuspendThread: ¾Ü¾ø·ÃÎÊ¡£ (0x5)
[0506/090649.718:ERROR:process_reader_win.cc(142)] SuspendThread: ¾Ü¾ø·ÃÎÊ¡£ (0x5)
[0506/090649.781:ERROR:process_reader_win.cc(142)] SuspendThread: ¾Ü¾ø·ÃÎÊ¡£ (0x5)
[0506/090649.781:ERROR:process_reader_win.cc(142)] SuspendThread: ¾Ü¾ø·ÃÎÊ¡£ (0x5)
[0506/090649.781:ERROR:process_reader_win.cc(142)] SuspendThread: ¾Ü¾ø·ÃÎÊ¡£ (0x5)
[0506/090649.781:ERROR:process_reader_win.cc(142)] SuspendThread: ¾Ü¾ø·ÃÎÊ¡£ (0x5)
[0506/090649.781:ERROR:process_reader_win.cc(142)] SuspendThread: ¾Ü¾ø·ÃÎÊ¡£ (0x5)
[0506/090649.781:ERROR:process_reader_win.cc(142)] SuspendThread: ¾Ü¾ø·ÃÎÊ¡£ (0x5)
[0506/090649.781:ERROR:process_reader_win.cc(142)] SuspendThread: ¾Ü¾ø·ÃÎÊ¡£ (0x5)
[0506/090649.781:ERROR:process_reader_win.cc(142)] SuspendThread: ¾Ü¾ø·ÃÎÊ¡£ (0x5)
[0506/090650.152:ERROR:process_reader_win.cc(233)] ReadMemory at 0x5a00048 of 32768 bytes failed: ½öÍê³É²¿·ÖµÄ ReadProcessMemory »ò WriteProcessMemory ÇëÇó¡£ (0x12B)
[0506/090650.152:WARNING:pe_image_annotations_reader.cc(65)] could not read simple annotations from C:\Program Files (x86)\Google\Chrome\Application\57.0.2987.98\chrome_elf.dll
[0506/230153.116:ERROR:process_reader_win.cc(142)] SuspendThread: ¾Ü¾ø·ÃÎÊ¡£ (0x5)
[0506/230153.326:ERROR:exception_snapshot_win.cc(87)] thread ID 1900 not found in process
[0506/230153.326:WARNING:crash_report_exception_handler.cc(60)] ProcessSnapshotWin::Initialize failed
[0506/230458.235:ERROR:process_reader_win.cc(142)] SuspendThread: ¾Ü¾ø·ÃÎÊ¡£ (0x5)
[0506/230458.235:ERROR:exception_snapshot_win.cc(87)] thread ID 6708 not found in process
[0506/230458.235:WARNING:crash_report_exception_handler.cc(60)] ProcessSnapshotWin::Initialize failed
[0506/230630.176:ERROR:process_reader_win.cc(142)] SuspendThread: ¾Ü¾ø·ÃÎÊ¡£ (0x5)
[0506/230630.176:ERROR:exception_snapshot_win.cc(87)] thread ID 11032 not found in process
[0506/230630.176:WARNING:crash_report_exception_handler.cc(60)] ProcessSnapshotWin::Initialize failed
[0506/230630.518:ERROR:process_reader_win.cc(142)] SuspendThread: ¾Ü¾ø·ÃÎÊ¡£ (0x5)
[0506/230630.518:ERROR:exception_snapshot_win.cc(87)] thread ID 1832 not found in process
[0506/230630.518:WARNING:crash_report_exception_handler.cc(60)] ProcessSnapshotWin::Initialize failed
[0506/231203.611:ERROR:process_reader_win.cc(142)] SuspendThread: ¾Ü¾ø·ÃÎÊ¡£ (0x5)
[0506/231203.611:ERROR:exception_snapshot_win.cc(87)] thread ID 10348 not found in process
[0506/231203.611:WARNING:crash_report_exception_handler.cc(60)] ProcessSnapshotWin::Initialize failed
[0506/231251.960:ERROR:process_reader_win.cc(142)] SuspendThread: ¾Ü¾ø·ÃÎÊ¡£ (0x5)
[0506/231251.960:ERROR:exception_snapshot_win.cc(87)] thread ID 7560 not found in process
[0506/231251.960:WARNING:crash_report_exception_handler.cc(60)] ProcessSnapshotWin::Initialize failed
